<?xml version="1.0" encoding="UTF-8"?>
<testng-results skipped="0" failed="0" total="1" passed="1">
  <reporter-output>
  </reporter-output>
  <suite name="Default suite" duration-ms="9723" started-at="2015-02-26T11:05:53Z" finished-at="2015-02-26T11:06:02Z">
    <groups>
    </groups>
    <test name="Default test" duration-ms="9723" started-at="2015-02-26T11:05:53Z" finished-at="2015-02-26T11:06:02Z">
      <class name="testscripts.bbPress.bbPressSettingsTest">
        <test-method status="PASS" signature="setUp()[pri:0, instance:testscripts.bbPress.bbPressSettingsTest@66d33a]" name="setUp" is-config="true" duration-ms="4933" started-at="2015-02-26T16:35:53Z" finished-at="2015-02-26T16:35:58Z">
          <reporter-output>
          </reporter-output>
        </test-method> <!-- setUp -->
        <test-method status="PASS" signature="bbPressSettings()[pri:0, instance:testscripts.bbPress.bbPressSettingsTest@66d33a]" name="bbPressSettings" duration-ms="4772" started-at="2015-02-26T16:35:58Z" finished-at="2015-02-26T16:36:02Z">
          <reporter-output>
          </reporter-output>
        </test-method> <!-- bbPressSettings -->
        <test-method status="PASS" signature="afterMethod()[pri:0, instance:testscripts.bbPress.bbPressSettingsTest@66d33a]" name="afterMethod" is-config="true" duration-ms="0" started-at="2015-02-26T16:36:02Z" finished-at="2015-02-26T16:36:02Z">
          <reporter-output>
          </reporter-output>
        </test-method> <!-- afterMethod -->
      </class> <!-- testscripts.bbPress.bbPressSettingsTest -->
    </test> <!-- Default test -->
  </suite> <!-- Default suite -->
</testng-results>
